<?xml version="1.0" encoding="UTF-8"?>
<!-- Generated by org.testng.reporters.JUnitReportReporter -->
<testsuite hostname="Ravneet" failures="0" tests="8" name="tests.HeaderFooterAuthSitemapTest" time="20.253" errors="0" timestamp="2025-11-14T20:02:32 IST" skipped="0">
  <testcase classname="tests.HeaderFooterAuthSitemapTest" name="validateHeaderFooter" time="0.948"/>
  <testcase classname="tests.HeaderFooterAuthSitemapTest" name="validateHeaderFooter" time="1.309"/>
  <testcase classname="tests.HeaderFooterAuthSitemapTest" name="validateHeaderFooter" time="11.110"/>
  <testcase classname="tests.HeaderFooterAuthSitemapTest" name="validateHeaderFooter" time="1.104"/>
  <testcase classname="tests.HeaderFooterAuthSitemapTest" name="validateHeaderFooter" time="1.633"/>
  <testcase classname="tests.HeaderFooterAuthSitemapTest" name="validateHeaderFooter" time="1.759"/>
  <testcase classname="tests.HeaderFooterAuthSitemapTest" name="validateHeaderFooter" time="1.226"/>
  <testcase classname="tests.HeaderFooterAuthSitemapTest" name="validateHeaderFooter" time="1.164"/>
</testsuite> <!-- tests.HeaderFooterAuthSitemapTest -->
